[debug] [2020-10-14T15:13:24.528Z] ----------------------------------------------------------------------
[debug] [2020-10-14T15:13:24.529Z] Command:       /usr/bin/node /usr/bin/firebase deploy
[debug] [2020-10-14T15:13:24.529Z] CLI Version:   8.11.2
[debug] [2020-10-14T15:13:24.529Z] Platform:      linux
[debug] [2020-10-14T15:13:24.529Z] Node Version:  v13.14.0
[debug] [2020-10-14T15:13:24.530Z] Time:          Wed Oct 14 2020 10:13:24 GMT-0500 (Central Daylight Time)
[debug] [2020-10-14T15:13:24.530Z] ----------------------------------------------------------------------
[debug] [2020-10-14T15:13:24.530Z] 
[debug] [2020-10-14T15:13:24.535Z] > command requires scopes: ["email","openid","https://www.googleapis.com/auth/cloudplatformprojects.readonly","https://www.googleapis.com/auth/firebase","https://www.googleapis.com/auth/cloud-platform"]
[debug] [2020-10-14T15:13:24.535Z] > authorizing via signed-in user
[debug] [2020-10-14T15:13:24.535Z] [iam] checking project angelatarrance-25ce6 for permissions ["datastore.indexes.create","datastore.indexes.delete","datastore.indexes.list","datastore.indexes.update","firebase.projects.get","firebasedatabase.instances.update","firebasehosting.sites.update","firebaserules.releases.create","firebaserules.releases.update","firebaserules.rulesets.create"]
[debug] [2020-10-14T15:13:24.537Z] >>> HTTP REQUEST POST https://cloudresourcemanager.googleapis.com/v1/projects/angelatarrance-25ce6:testIamPermissions  
 {"permissions":["datastore.indexes.create","datastore.indexes.delete","datastore.indexes.list","datastore.indexes.update","firebase.projects.get","firebasedatabase.instances.update","firebasehosting.sites.update","firebaserules.releases.create","firebaserules.releases.update","firebaserules.rulesets.create"]}
[debug] [2020-10-14T15:13:25.020Z] <<< HTTP RESPONSE 200 {"content-type":"application/json; charset=UTF-8","vary":"X-Origin, Referer, Origin,Accept-Encoding","date":"Wed, 14 Oct 2020 15:13:26 GMT","server":"ESF","cache-control":"private","x-xss-protection":"0","x-frame-options":"SAMEORIGIN","x-content-type-options":"nosniff","server-timing":"gfet4t7; dur=50","alt-svc":"h3-Q050=\":443\"; ma=2592000,h3-29=\":443\"; ma=2592000,h3-27=\":443\"; ma=2592000,h3-T051=\":443\"; ma=2592000,h3-T050=\":443\"; ma=2592000,h3-Q046=\":443\"; ma=2592000,h3-Q043=\":443\"; ma=2592000,quic=\":443\"; ma=2592000; v=\"46,43\"","accept-ranges":"none","transfer-encoding":"chunked"}
[debug] [2020-10-14T15:13:25.022Z] >>> HTTP REQUEST GET https://firebase.googleapis.com/v1beta1/projects/angelatarrance-25ce6  
 
[debug] [2020-10-14T15:13:25.399Z] <<< HTTP RESPONSE 200 {"content-type":"application/json; charset=UTF-8","vary":"X-Origin, Referer, Origin,Accept-Encoding","date":"Wed, 14 Oct 2020 15:13:26 GMT","server":"ESF","cache-control":"private","x-xss-protection":"0","x-frame-options":"SAMEORIGIN","x-content-type-options":"nosniff","alt-svc":"h3-Q050=\":443\"; ma=2592000,h3-29=\":443\"; ma=2592000,h3-27=\":443\"; ma=2592000,h3-T051=\":443\"; ma=2592000,h3-T050=\":443\"; ma=2592000,h3-Q046=\":443\"; ma=2592000,h3-Q043=\":443\"; ma=2592000,quic=\":443\"; ma=2592000; v=\"46,43\"","accept-ranges":"none","transfer-encoding":"chunked"}
[info] 
[info] === Deploying to 'angelatarrance-25ce6'...
[info] 
[info] i  deploying database, storage, firestore, hosting 
[info] i  database: checking rules syntax... 
[debug] [2020-10-14T15:13:25.404Z] >>> HTTP REQUEST PUT https://angelatarrance-25ce6.firebaseio.com/.settings/rules.json?dryRun=true  
 {
  "rules": {
    ".read": "auth != null",
    ".write": "auth != null"
  }
}
[debug] [2020-10-14T15:13:25.798Z] <<< HTTP RESPONSE 200 {"server":"nginx","date":"Wed, 14 Oct 2020 15:13:26 GMT","content-type":"application/json; charset=utf-8","content-length":"15","connection":"keep-alive","access-control-allow-origin":"*","cache-control":"no-cache","strict-transport-security":"max-age=31556926; includeSubDomains; preload"}
[info] ✔  database: rules syntax for database angelatarrance-25ce6 is valid 
[debug] [2020-10-14T15:13:25.799Z] >>> HTTP REQUEST GET https://appengine.googleapis.com/v1/apps/angelatarrance-25ce6  
 
[debug] [2020-10-14T15:13:26.161Z] <<< HTTP RESPONSE 200 {"content-type":"application/json; charset=UTF-8","vary":"X-Origin, Referer, Origin,Accept-Encoding","date":"Wed, 14 Oct 2020 15:13:27 GMT","server":"ESF","cache-control":"private","x-xss-protection":"0","x-frame-options":"SAMEORIGIN","x-content-type-options":"nosniff","alt-svc":"h3-Q050=\":443\"; ma=2592000,h3-29=\":443\"; ma=2592000,h3-27=\":443\"; ma=2592000,h3-T051=\":443\"; ma=2592000,h3-T050=\":443\"; ma=2592000,h3-Q046=\":443\"; ma=2592000,h3-Q043=\":443\"; ma=2592000,quic=\":443\"; ma=2592000; v=\"46,43\"","accept-ranges":"none","transfer-encoding":"chunked"}
[info] i  firebase.storage: checking storage.rules for compilation errors... 
[debug] [2020-10-14T15:13:26.166Z] >>> HTTP REQUEST POST https://firebaserules.googleapis.com/v1/projects/angelatarrance-25ce6:test  
 {"source":{"files":[{"name":"storage.rules","content":"rules_version = '2';\nservice firebase.storage {\n  match /b/{bucket}/o {\n    match /{allPaths=**} {\n      allow read, write: if request.auth!=null;\n    }\n  }\n}\n"}]}}
[debug] [2020-10-14T15:13:26.452Z] <<< HTTP RESPONSE 200 {"content-type":"application/json; charset=UTF-8","vary":"X-Origin, Referer, Origin,Accept-Encoding","date":"Wed, 14 Oct 2020 15:13:27 GMT","server":"ESF","cache-control":"private","x-xss-protection":"0","x-frame-options":"SAMEORIGIN","x-content-type-options":"nosniff","alt-svc":"h3-Q050=\":443\"; ma=2592000,h3-29=\":443\"; ma=2592000,h3-27=\":443\"; ma=2592000,h3-T051=\":443\"; ma=2592000,h3-T050=\":443\"; ma=2592000,h3-Q046=\":443\"; ma=2592000,h3-Q043=\":443\"; ma=2592000,quic=\":443\"; ma=2592000; v=\"46,43\"","accept-ranges":"none","transfer-encoding":"chunked"}
[info] ✔  firebase.storage: rules file storage.rules compiled successfully 
[info] i  firestore: reading indexes from firestore.indexes.json... 
[info] i  cloud.firestore: checking firestore.rules for compilation errors... 
[debug] [2020-10-14T15:13:26.455Z] >>> HTTP REQUEST POST https://firebaserules.googleapis.com/v1/projects/angelatarrance-25ce6:test  
 {"source":{"files":[{"name":"firestore.rules","content":"rules_version = '2';\nservice cloud.firestore {\n  match /databases/{database}/documents {\n    match /{document=**} {\n      allow read, write;\n    }\n  }\n}"}]}}
[debug] [2020-10-14T15:13:26.773Z] <<< HTTP RESPONSE 200 {"content-type":"application/json; charset=UTF-8","vary":"X-Origin, Referer, Origin,Accept-Encoding","date":"Wed, 14 Oct 2020 15:13:27 GMT","server":"ESF","cache-control":"private","x-xss-protection":"0","x-frame-options":"SAMEORIGIN","x-content-type-options":"nosniff","alt-svc":"h3-Q050=\":443\"; ma=2592000,h3-29=\":443\"; ma=2592000,h3-27=\":443\"; ma=2592000,h3-T051=\":443\"; ma=2592000,h3-T050=\":443\"; ma=2592000,h3-Q046=\":443\"; ma=2592000,h3-Q043=\":443\"; ma=2592000,quic=\":443\"; ma=2592000; v=\"46,43\"","accept-ranges":"none","transfer-encoding":"chunked"}
[info] ✔  cloud.firestore: rules file firestore.rules compiled successfully 
[debug] [2020-10-14T15:13:26.775Z] >>> HTTP REQUEST POST https://firebasehosting.googleapis.com/v1beta1/sites/angelatarrance-25ce6/versions  
 {"config":{"rewrites":[{"glob":"**","path":"/index.html"}]},"labels":{"deployment-tool":"cli-firebase"}}
[debug] [2020-10-14T15:13:27.380Z] <<< HTTP RESPONSE 200 {"content-type":"application/json; charset=UTF-8","vary":"X-Origin, Referer, Origin,Accept-Encoding","date":"Wed, 14 Oct 2020 15:13:28 GMT","server":"ESF","cache-control":"private","x-xss-protection":"0","x-frame-options":"SAMEORIGIN","x-content-type-options":"nosniff","alt-svc":"h3-Q050=\":443\"; ma=2592000,h3-29=\":443\"; ma=2592000,h3-27=\":443\"; ma=2592000,h3-T051=\":443\"; ma=2592000,h3-T050=\":443\"; ma=2592000,h3-Q046=\":443\"; ma=2592000,h3-Q043=\":443\"; ma=2592000,quic=\":443\"; ma=2592000; v=\"46,43\"","accept-ranges":"none","transfer-encoding":"chunked"}
[debug] [2020-10-14T15:13:27.385Z] >>> HTTP REQUEST GET https://firebaserules.googleapis.com/v1/projects/angelatarrance-25ce6/releases?pageSize=10&pageToken=  
 
[debug] [2020-10-14T15:13:27.697Z] <<< HTTP RESPONSE 200 {"content-type":"application/json; charset=UTF-8","vary":"X-Origin, Referer, Origin,Accept-Encoding","date":"Wed, 14 Oct 2020 15:13:28 GMT","server":"ESF","cache-control":"private","x-xss-protection":"0","x-frame-options":"SAMEORIGIN","x-content-type-options":"nosniff","alt-svc":"h3-Q050=\":443\"; ma=2592000,h3-29=\":443\"; ma=2592000,h3-27=\":443\"; ma=2592000,h3-T051=\":443\"; ma=2592000,h3-T050=\":443\"; ma=2592000,h3-Q046=\":443\"; ma=2592000,h3-Q043=\":443\"; ma=2592000,quic=\":443\"; ma=2592000; v=\"46,43\"","accept-ranges":"none","transfer-encoding":"chunked"}
[debug] [2020-10-14T15:13:27.699Z] >>> HTTP REQUEST GET https://firebaserules.googleapis.com/v1/projects/angelatarrance-25ce6/rulesets/2389e5a7-6941-4bd9-bc89-b7aa4f96321e  
 
[debug] [2020-10-14T15:13:27.917Z] <<< HTTP RESPONSE 200 {"content-type":"application/json; charset=UTF-8","vary":"X-Origin, Referer, Origin,Accept-Encoding","date":"Wed, 14 Oct 2020 15:13:29 GMT","server":"ESF","cache-control":"private","x-xss-protection":"0","x-frame-options":"SAMEORIGIN","x-content-type-options":"nosniff","alt-svc":"h3-Q050=\":443\"; ma=2592000,h3-29=\":443\"; ma=2592000,h3-27=\":443\"; ma=2592000,h3-T051=\":443\"; ma=2592000,h3-T050=\":443\"; ma=2592000,h3-Q046=\":443\"; ma=2592000,h3-Q043=\":443\"; ma=2592000,quic=\":443\"; ma=2592000; v=\"46,43\"","accept-ranges":"none","transfer-encoding":"chunked"}
[info] i  storage: latest version of storage.rules already up to date, skipping upload... 
[debug] [2020-10-14T15:13:27.919Z] >>> HTTP REQUEST GET https://firebaserules.googleapis.com/v1/projects/angelatarrance-25ce6/releases?pageSize=10&pageToken=  
 
[debug] [2020-10-14T15:13:27.919Z] >>> HTTP REQUEST GET https://firestore.googleapis.com/v1/projects/angelatarrance-25ce6/databases/(default)/collectionGroups/-/indexes  
 
[debug] [2020-10-14T15:13:28.120Z] <<< HTTP RESPONSE 200 {"content-type":"application/json; charset=UTF-8","vary":"X-Origin, Referer, Origin,Accept-Encoding","date":"Wed, 14 Oct 2020 15:13:29 GMT","server":"ESF","cache-control":"private","x-xss-protection":"0","x-frame-options":"SAMEORIGIN","x-content-type-options":"nosniff","alt-svc":"h3-Q050=\":443\"; ma=2592000,h3-29=\":443\"; ma=2592000,h3-27=\":443\"; ma=2592000,h3-T051=\":443\"; ma=2592000,h3-T050=\":443\"; ma=2592000,h3-Q046=\":443\"; ma=2592000,h3-Q043=\":443\"; ma=2592000,quic=\":443\"; ma=2592000; v=\"46,43\"","accept-ranges":"none","transfer-encoding":"chunked"}
[debug] [2020-10-14T15:13:28.122Z] >>> HTTP REQUEST GET https://firebaserules.googleapis.com/v1/projects/angelatarrance-25ce6/rulesets/893c4961-13a8-4ac6-8995-2d8e081fa145  
 
[debug] [2020-10-14T15:13:28.217Z] <<< HTTP RESPONSE 200 {"content-type":"application/json; charset=UTF-8","vary":"X-Origin, Referer, Origin,Accept-Encoding","date":"Wed, 14 Oct 2020 15:13:29 GMT","server":"ESF","cache-control":"private","x-xss-protection":"0","x-frame-options":"SAMEORIGIN","x-content-type-options":"nosniff","alt-svc":"h3-Q050=\":443\"; ma=2592000,h3-29=\":443\"; ma=2592000,h3-27=\":443\"; ma=2592000,h3-T051=\":443\"; ma=2592000,h3-T050=\":443\"; ma=2592000,h3-Q046=\":443\"; ma=2592000,h3-Q043=\":443\"; ma=2592000,quic=\":443\"; ma=2592000; v=\"46,43\"","accept-ranges":"none","transfer-encoding":"chunked"}
[debug] [2020-10-14T15:13:28.219Z] >>> HTTP REQUEST GET https://firestore.googleapis.com/v1/projects/angelatarrance-25ce6/databases/(default)/collectionGroups/-/fields?filter=indexConfig.usesAncestorConfig=false  
 
[debug] [2020-10-14T15:13:28.327Z] <<< HTTP RESPONSE 200 {"content-type":"application/json; charset=UTF-8","vary":"X-Origin, Referer, Origin,Accept-Encoding","date":"Wed, 14 Oct 2020 15:13:29 GMT","server":"ESF","cache-control":"private","x-xss-protection":"0","x-frame-options":"SAMEORIGIN","x-content-type-options":"nosniff","alt-svc":"h3-Q050=\":443\"; ma=2592000,h3-29=\":443\"; ma=2592000,h3-27=\":443\"; ma=2592000,h3-T051=\":443\"; ma=2592000,h3-T050=\":443\"; ma=2592000,h3-Q046=\":443\"; ma=2592000,h3-Q043=\":443\"; ma=2592000,quic=\":443\"; ma=2592000; v=\"46,43\"","accept-ranges":"none","transfer-encoding":"chunked"}
[info] i  firestore: latest version of firestore.rules already up to date, skipping upload... 
[debug] [2020-10-14T15:13:28.505Z] <<< HTTP RESPONSE 200 {"content-type":"application/json; charset=UTF-8","vary":"X-Origin, Referer, Origin,Accept-Encoding","date":"Wed, 14 Oct 2020 15:13:29 GMT","server":"ESF","cache-control":"private","x-xss-protection":"0","x-frame-options":"SAMEORIGIN","x-content-type-options":"nosniff","alt-svc":"h3-Q050=\":443\"; ma=2592000,h3-29=\":443\"; ma=2592000,h3-27=\":443\"; ma=2592000,h3-T051=\":443\"; ma=2592000,h3-T050=\":443\"; ma=2592000,h3-Q046=\":443\"; ma=2592000,h3-Q043=\":443\"; ma=2592000,quic=\":443\"; ma=2592000; v=\"46,43\"","accept-ranges":"none","transfer-encoding":"chunked"}
[info] ✔  firestore: deployed indexes in firestore.indexes.json successfully 
[info] i  hosting[angelatarrance-25ce6]: beginning deploy... 
[info] i  hosting[angelatarrance-25ce6]: found 97 files in build 
[debug] [2020-10-14T15:13:28.532Z] [hosting] hash cache [YnVpbGQ] stored for 97 files
[debug] [2020-10-14T15:13:28.532Z] [hosting][hash queue][FINAL] {"max":2,"min":0,"avg":0.7001593749656232,"active":0,"complete":97,"success":97,"errored":0,"retried":0,"total":97,"elapsed":5}
[debug] [2020-10-14T15:13:28.533Z] >>> HTTP REQUEST POST https://firebasehosting.googleapis.com/v1beta1/sites/angelatarrance-25ce6/versions/3fe18425ef7f70dd:populateFiles  
 <request body omitted>
[debug] [2020-10-14T15:13:29.050Z] <<< HTTP RESPONSE 200 {"content-type":"application/json; charset=UTF-8","vary":"X-Origin, Referer, Origin,Accept-Encoding","date":"Wed, 14 Oct 2020 15:13:30 GMT","server":"ESF","cache-control":"private","x-xss-protection":"0","x-frame-options":"SAMEORIGIN","x-content-type-options":"nosniff","alt-svc":"h3-Q050=\":443\"; ma=2592000,h3-29=\":443\"; ma=2592000,h3-27=\":443\"; ma=2592000,h3-T051=\":443\"; ma=2592000,h3-T050=\":443\"; ma=2592000,h3-Q046=\":443\"; ma=2592000,h3-Q043=\":443\"; ma=2592000,quic=\":443\"; ma=2592000; v=\"46,43\"","accept-ranges":"none","transfer-encoding":"chunked"}
[debug] [2020-10-14T15:13:29.057Z] [hosting][populate queue][FINAL] {"max":520,"min":520,"avg":520,"active":0,"complete":1,"success":1,"errored":0,"retried":0,"total":1,"elapsed":526}
[debug] [2020-10-14T15:13:29.057Z] [hosting] uploads queued: 15
[debug] [2020-10-14T15:13:39.666Z] [uploadQueue] Retrying task 445372c8e800728f23b2b88a9bd78009b3524975d39021833b3c780ed7a417fc
[debug] [2020-10-14T15:13:39.676Z] [uploadQueue] Retrying task b3ac5c2ae236d32f5ff97e7e1693cf8b998ff65ed68867874dd572fa1ef2756c
[debug] [2020-10-14T15:13:39.695Z] [uploadQueue] Retrying task c44eb5955b2a405333a04a60cc1dfe9b01b4d0376473c74972ef88d759864781
[debug] [2020-10-14T15:13:39.702Z] [uploadQueue] Retrying task eed49b283c3d7561ee2d0ec193e5b87ec0cafe1d0f2674eef69df1313c871705
[debug] [2020-10-14T15:13:39.739Z] [uploadQueue] Retrying task afba340ea995256291f0e7e3cb28dfd7fe9b6478e74c0d581af6f807da709b8f
[debug] [2020-10-14T15:13:39.775Z] [uploadQueue] Retrying task 12fb62fe446d80d46bb2beb31bdca85589b96015c7b966fc1febb9c15c6625d6
[debug] [2020-10-14T15:13:39.781Z] [uploadQueue] Retrying task 9dc5ec6b0dbd5c85ee98f08d4b3170ea3b735dd92dd104b7cf82fd78ad074b4d
[debug] [2020-10-14T15:13:39.784Z] [uploadQueue] Retrying task f274536ff7ee2a8bacba51b325176829e8210a016ad534760f3f19fe5618ec8d
[debug] [2020-10-14T15:13:39.812Z] [uploadQueue] Retrying task ac0111b330d9d48f0422924dd5edc54cfba5a5156a64d340b30e31c362ee667a
[debug] [2020-10-14T15:13:50.579Z] [uploadQueue] Retrying task 445372c8e800728f23b2b88a9bd78009b3524975d39021833b3c780ed7a417fc
[debug] [2020-10-14T15:13:50.594Z] [uploadQueue] Retrying task b3ac5c2ae236d32f5ff97e7e1693cf8b998ff65ed68867874dd572fa1ef2756c
[debug] [2020-10-14T15:13:50.604Z] [uploadQueue] Retrying task c44eb5955b2a405333a04a60cc1dfe9b01b4d0376473c74972ef88d759864781
[debug] [2020-10-14T15:13:50.610Z] [uploadQueue] Retrying task eed49b283c3d7561ee2d0ec193e5b87ec0cafe1d0f2674eef69df1313c871705
[debug] [2020-10-14T15:13:50.682Z] [uploadQueue] Retrying task 9dc5ec6b0dbd5c85ee98f08d4b3170ea3b735dd92dd104b7cf82fd78ad074b4d
[debug] [2020-10-14T15:13:50.684Z] [uploadQueue] Retrying task afba340ea995256291f0e7e3cb28dfd7fe9b6478e74c0d581af6f807da709b8f
[debug] [2020-10-14T15:13:50.692Z] [uploadQueue] Retrying task 12fb62fe446d80d46bb2beb31bdca85589b96015c7b966fc1febb9c15c6625d6
[debug] [2020-10-14T15:13:50.718Z] [uploadQueue] Retrying task f274536ff7ee2a8bacba51b325176829e8210a016ad534760f3f19fe5618ec8d
[debug] [2020-10-14T15:13:50.734Z] [uploadQueue] Retrying task ac0111b330d9d48f0422924dd5edc54cfba5a5156a64d340b30e31c362ee667a
[debug] [2020-10-14T15:14:02.292Z] [uploadQueue] Retrying task b3ac5c2ae236d32f5ff97e7e1693cf8b998ff65ed68867874dd572fa1ef2756c
[debug] [2020-10-14T15:14:02.306Z] [uploadQueue] Retrying task 445372c8e800728f23b2b88a9bd78009b3524975d39021833b3c780ed7a417fc
[debug] [2020-10-14T15:14:02.351Z] [uploadQueue] Retrying task eed49b283c3d7561ee2d0ec193e5b87ec0cafe1d0f2674eef69df1313c871705
[debug] [2020-10-14T15:14:02.364Z] [uploadQueue] Retrying task c44eb5955b2a405333a04a60cc1dfe9b01b4d0376473c74972ef88d759864781
[debug] [2020-10-14T15:14:02.399Z] [uploadQueue] Retrying task 9dc5ec6b0dbd5c85ee98f08d4b3170ea3b735dd92dd104b7cf82fd78ad074b4d
[debug] [2020-10-14T15:14:02.411Z] [uploadQueue] Retrying task afba340ea995256291f0e7e3cb28dfd7fe9b6478e74c0d581af6f807da709b8f
[debug] [2020-10-14T15:14:02.421Z] [uploadQueue] Retrying task 12fb62fe446d80d46bb2beb31bdca85589b96015c7b966fc1febb9c15c6625d6
[debug] [2020-10-14T15:14:02.425Z] [uploadQueue] Retrying task f274536ff7ee2a8bacba51b325176829e8210a016ad534760f3f19fe5618ec8d
[debug] [2020-10-14T15:14:02.463Z] [uploadQueue] Retrying task ac0111b330d9d48f0422924dd5edc54cfba5a5156a64d340b30e31c362ee667a
